Using pre-set license
Built from '2020.3/staging' branch; Version is '2020.3.30f1 (1fb1bf06830e) revision 2077119'; Using compiler version '192528614'; Build Type 'Release'
OS: 'Windows 10  (10.0.19044) 64bit CoreSingleLanguage' Language: 'tr' Physical Memory: 7055 MB
BatchMode: 1, IsHumanControllingUs: 0, StartBugReporterOnCrash: 0, Is64bit: 1, IsPro: 0

COMMAND LINE ARGUMENTS:
C:\Program Files\Unity\Hub\Editor\2020.3.30f1\Editor\Unity.exe
-adb2
-batchMode
-noUpm
-name
AssetImportWorker1
-projectPath
C:/Users/suley/OneDrive/Masaüstü/Staj Projeleri/Grid Build Demo
-logFile
Logs/AssetImportWorker1.log
-srvPort
55110
Successfully changed project path to: C:/Users/suley/OneDrive/Masaüstü/Staj Projeleri/Grid Build Demo
C:/Users/suley/OneDrive/Masaüstü/Staj Projeleri/Grid Build Demo
Using Asset Import Pipeline V2.
